<?xml version="1.0" encoding="UTF-8"?>
<!-- Generated by org.testng.reporters.JUnitReportReporter -->
<testsuite skipped="0" hostname="DESKTOP-5V4NH1P" name="test.Basic_test" tests="1" failures="0" timestamp="2020-05-16T00:15:59 EDT" time="0.006" errors="0">
  <testcase name="demo" time="0.006" classname="test.Basic_test"/>
  <system-out/>
</testsuite> <!-- test.Basic_test -->
