<?xml version="1.0" encoding="UTF-8"?>
<!-- Generated by org.testng.reporters.JUnitReportReporter -->
<testsuite skipped="0" hostname="DESKTOP-5V4NH1P" name="test.Test3" tests="1" failures="0" timestamp="2020-05-16T00:15:59 EDT" time="0.001" errors="0">
  <testcase name="LoginAPI" time="0.001" classname="test.Test3"/>
  <system-out/>
</testsuite> <!-- test.Test3 -->
