<?xml version="1.0" encoding="UTF-8"?>
<!-- Generated by org.testng.reporters.JUnitReportReporter -->
<testsuite hostname="DESKTOP-5V4NH1P" failures="0" tests="1" name="AnkitaMavenDemo.AnkitaMavenjava.SeleniumTest" time="0.007" errors="0" timestamp="2020-05-17T18:30:46 EDT" skipped="0">
  <testcase classname="AnkitaMavenDemo.AnkitaMavenjava.SeleniumTest" name="webTest2" time="0.007"/>
  <system-out/>
</testsuite> <!-- AnkitaMavenDemo.AnkitaMavenjava.SeleniumTest -->
