<?xml version="1.0" encoding="UTF-8"?>
<!-- Generated by org.testng.reporters.JUnitReportReporter -->
<testsuite skipped="0" hostname="DESKTOP-5V4NH1P" name="AnkitaMavenDemo.AnkitaMavenjava.AppiumTest" tests="1" failures="0" timestamp="2020-05-16T21:52:25 EDT" time="0.008" errors="0">
  <testcase name="webTest1" time="0.008" classname="AnkitaMavenDemo.AnkitaMavenjava.AppiumTest"/>
  <system-out/>
</testsuite> <!-- AnkitaMavenDemo.AnkitaMavenjava.AppiumTest -->
