<?xml version="1.0" encoding="UTF-8"?>
<!-- Generated by org.testng.reporters.JUnitReportReporter -->
<testsuite hostname="DESKTOP-5V4NH1P" failures="0" tests="2" name="Mavenproject.MavenJava.webTest" time="0.004" errors="0" timestamp="18 May 2020 01:09:14 GMT" skipped="0">
  <testcase classname="Mavenproject.MavenJava.webTest" name="webTest1" time="0.004"/>
  <testcase classname="Mavenproject.MavenJava.webTest" name="webTest2" time="0.000"/>
</testsuite> <!-- Mavenproject.MavenJava.webTest -->
