<?xml version="1.0" encoding="UTF-8"?>
<!-- Generated by org.testng.reporters.JUnitReportReporter -->
<testsuite hostname="DESKTOP-5V4NH1P" failures="0" tests="2" name="Mavenproject.MavenJava.SeleniumTest" time="0.005" errors="0" timestamp="18 May 2020 01:08:54 GMT" skipped="0">
  <testcase classname="Mavenproject.MavenJava.SeleniumTest" name="seleniumTest2" time="0.001"/>
  <testcase classname="Mavenproject.MavenJava.SeleniumTest" name="seleniumTest1" time="0.004"/>
</testsuite> <!-- Mavenproject.MavenJava.SeleniumTest -->
