<?xml version="1.0" encoding="UTF-8"?>
<!-- Generated by org.testng.reporters.JUnitReportReporter -->
<testsuite hostname="DESKTOP-5V4NH1P" failures="0" tests="1" name="cucumber.testRunner" time="16.437" errors="0" timestamp="2020-05-29T19:17:16 EDT" skipped="0">
  <testcase classname="cucumber.testRunner" name="feature" time="16.437"/>
  <system-out/>
</testsuite> <!-- cucumber.testRunner -->
