<?xml version="1.0" encoding="UTF-8"?>
<!-- Generated by org.testng.reporters.JUnitReportReporter -->
<testsuite skipped="0" hostname="DESKTOP-5V4NH1P" name="TestCases.LoginApplication" tests="1" failures="0" timestamp="2020-05-21T01:09:11 EDT" time="10.244" errors="0">
  <testcase name="Login" time="10.244" classname="TestCases.LoginApplication"/>
  <system-out/>
</testsuite> <!-- TestCases.LoginApplication -->
