<?xml version="1.0" encoding="UTF-8"?>
<!-- Generated by org.testng.reporters.JUnitReportReporter -->
<testsuite hostname="DESKTOP-5V4NH1P" failures="0" tests="1" name="FromScratchTesting.Asserts" time="0.028" errors="0" timestamp="2020-05-22T20:02:30 EDT" skipped="0">
  <testcase classname="FromScratchTesting.Asserts" name="basePageNavigation" time="0.028"/>
  <system-out/>
</testsuite> <!-- FromScratchTesting.Asserts -->
