<?xml version="1.0" encoding="UTF-8"?>
<!-- Generated by org.testng.reporters.JUnitReportReporter -->
<testsuite hostname="DESKTOP-5V4NH1P" failures="0" tests="2" name="FromScratchTesting.HomePage" time="11.230" errors="0" timestamp="2020-05-22T22:34:13 EDT" skipped="0">
  <testcase classname="FromScratchTesting.HomePage" name="basePageNavigation" time="7.269"/>
  <system-out/>
  <testcase classname="FromScratchTesting.HomePage" name="basePageNavigation" time="3.961"/>
  <system-out/>
</testsuite> <!-- FromScratchTesting.HomePage -->
