<?xml version="1.0" encoding="UTF-8"?>
<!-- Generated by org.testng.reporters.JUnitReportReporter -->
<testsuite hostname="DESKTOP-5V4NH1P" failures="0" tests="1" name="pageObjects.Asserts" time="9.215" errors="0" timestamp="2020-05-22T02:01:19 EDT" skipped="0">
  <testcase classname="pageObjects.Asserts" name="basePageNavigation" time="9.215"/>
  <system-out/>
</testsuite> <!-- pageObjects.Asserts -->
