<?xml version="1.0" encoding="UTF-8"?>
<!-- Generated by org.testng.reporters.JUnitReportReporter -->
<testsuite hostname="DESKTOP-5V4NH1P" failures="0" tests="1" name="FromScratchTesting.ValidData" time="0.052" errors="0" timestamp="2020-05-22T22:03:10 EDT" skipped="0">
  <testcase classname="FromScratchTesting.ValidData" name="basePageNavigation" time="0.052"/>
  <system-out/>
</testsuite> <!-- FromScratchTesting.ValidData -->
