<?xml version="1.0" encoding="UTF-8"?>
<!-- Generated by org.testng.reporters.JUnitReportReporter -->
<testsuite hostname="DESKTOP-5V4NH1P" failures="0" tests="1" name="AnkitaProject.ExtentReports.ExtentReport" time="9.205" errors="0" timestamp="2020-05-18T16:49:01 EDT" skipped="0">
  <testcase classname="AnkitaProject.ExtentReports.ExtentReport" name="inintialDemo" time="9.205"/>
  <system-out/>
</testsuite> <!-- AnkitaProject.ExtentReports.ExtentReport -->
